<?xml version="1.0" encoding="UTF-8"?>
<robot generator="Robot 5.0.1 (Python 3.11.0 on darwin)" generated="20230304 12:29:31.682" rpa="false" schemaversion="3">
<suite id="s1" name="GOFORE" source="/Users/yusufrenkoglu/Desktop/GOFORE">
<suite id="s1-s1" name="Tests" source="/Users/yusufrenkoglu/Desktop/GOFORE/Tests">
<suite id="s1-s1-s1" name="TC01" source="/Users/yusufrenkoglu/Desktop/GOFORE/Tests/TC01.robot">
<test id="s1-s1-s1-t1" name="Almamedia TC01" line="13">
<kw name="Setup" library="TestBase" type="SETUP">
<kw name="Open Browser" library="SeleniumLibrary">
<arg>${url}</arg>
<arg>${browser}</arg>
<doc>Opens a new browser instance to the optional ``url``.</doc>
<msg timestamp="20230304 12:29:31.928" level="INFO">Opening browser 'chrome' to base url 'https://www.almamedia.fi'.</msg>
<status status="PASS" starttime="20230304 12:29:31.928" endtime="20230304 12:29:37.223"/>
</kw>
<kw name="Maximize Browser Window" library="SeleniumLibrary">
<doc>Maximizes current browser window.</doc>
<status status="PASS" starttime="20230304 12:29:37.224" endtime="20230304 12:29:37.698"/>
</kw>
<status status="PASS" starttime="20230304 12:29:31.925" endtime="20230304 12:29:37.698"/>
</kw>
<kw name="Menee Palvelut ja tuotteet sivuun" library="HomePage">
<kw name="Sleep" library="BuiltIn">
<arg>1</arg>
<doc>Pauses the test executed for the given time.</doc>
<msg timestamp="20230304 12:29:38.700" level="INFO">Slept 1 second</msg>
<status status="PASS" starttime="20230304 12:29:37.699" endtime="20230304 12:29:38.700"/>
</kw>
<kw name="Click Button" library="SeleniumLibrary">
<arg>${cookiesButton}</arg>
<doc>Clicks the button identified by ``locator``.</doc>
<msg timestamp="20230304 12:29:38.701" level="INFO">Clicking button 'css=button#almacmp-modalConfirmBtn'.</msg>
<status status="PASS" starttime="20230304 12:29:38.701" endtime="20230304 12:29:38.833"/>
</kw>
<kw name="Click Link" library="SeleniumLibrary">
<arg>${palveluLink}</arg>
<doc>Clicks a link identified by ``locator``.</doc>
<msg timestamp="20230304 12:29:38.834" level="INFO">Clicking link '(//a[@class='dropdown-toggle'])[3]'.</msg>
<status status="PASS" starttime="20230304 12:29:38.834" endtime="20230304 12:29:38.893"/>
</kw>
<kw name="Click Link" library="SeleniumLibrary">
<arg>${tuotteetPalvelutLink}</arg>
<doc>Clicks a link identified by ``locator``.</doc>
<msg timestamp="20230304 12:29:38.894" level="INFO">Clicking link 'Tuotteet ja palvelut'.</msg>
<status status="PASS" starttime="20230304 12:29:38.894" endtime="20230304 12:29:39.491"/>
</kw>
<status status="PASS" starttime="20230304 12:29:37.699" endtime="20230304 12:29:39.491"/>
</kw>
<kw name="Klikkaa ja menee Kotikokiin sivulle" library="KaikkiPalvelutPage">
<kw name="Execute Javascript" library="SeleniumLibrary">
<arg>window.scrollTo(0,400)</arg>
<doc>Executes the given JavaScript code with possible arguments.</doc>
<msg timestamp="20230304 12:29:39.492" level="INFO">Executing JavaScript:
window.scrollTo(0,400)
Without any arguments.</msg>
<status status="PASS" starttime="20230304 12:29:39.492" endtime="20230304 12:29:39.512"/>
</kw>
<kw name="Sleep" library="BuiltIn">
<arg>2</arg>
<doc>Pauses the test executed for the given time.</doc>
<msg timestamp="20230304 12:29:41.513" level="INFO">Slept 2 seconds</msg>
<status status="PASS" starttime="20230304 12:29:39.512" endtime="20230304 12:29:41.514"/>
</kw>
<kw name="Click Link" library="SeleniumLibrary">
<arg>${kotikokkiLink}</arg>
<doc>Clicks a link identified by ``locator``.</doc>
<msg timestamp="20230304 12:29:41.515" level="INFO">Clicking link 'xpath=(//div[@class='alma-consumer palvelut-kuluttajille business-area-result col-md-3']/a)[4]'.</msg>
<status status="PASS" starttime="20230304 12:29:41.514" endtime="20230304 12:29:41.596"/>
</kw>
<kw name="Sleep" library="BuiltIn">
<arg>2</arg>
<doc>Pauses the test executed for the given time.</doc>
<msg timestamp="20230304 12:29:43.597" level="INFO">Slept 2 seconds</msg>
<status status="PASS" starttime="20230304 12:29:41.596" endtime="20230304 12:29:43.598"/>
</kw>
<kw name="Get Window Handles" library="SeleniumLibrary">
<var>${wh}</var>
<doc>Returns all child window handles of the selected browser as a list.</doc>
<msg timestamp="20230304 12:29:43.630" level="INFO">${wh} = ['CDwindow-A6C6C6692329E99E83297A82CC3507E7', 'CDwindow-0BF4681AFBBC116482503944AFA69DAF']</msg>
<status status="PASS" starttime="20230304 12:29:43.598" endtime="20230304 12:29:43.630"/>
</kw>
<kw name="Switch Window" library="SeleniumLibrary">
<arg>${wh}[1]</arg>
<doc>Switches to browser window matching ``locator``.</doc>
<status status="PASS" starttime="20230304 12:29:43.631" endtime="20230304 12:29:43.728"/>
</kw>
<status status="PASS" starttime="20230304 12:29:39.491" endtime="20230304 12:29:43.729"/>
</kw>
<kw name="Kirjoita Kotikokki-sivulla hakukenttään {ruoka} ja klikkaa hae-nappia." library="KK_HomePage">
<arg>makaroonilaatikko</arg>
<kw name="Run Keyword And Return Status" library="BuiltIn">
<var>${status}</var>
<arg>Element Should Be Visible</arg>
<arg>${cookiesButtonKK}</arg>
<doc>Runs the given keyword with given arguments and returns the status as a Boolean value.</doc>
<kw name="Element Should Be Visible" library="SeleniumLibrary">
<arg>${cookiesButtonKK}</arg>
<doc>Verifies that the element identified by ``locator`` is visible.</doc>
<msg timestamp="20230304 12:29:46.707" level="INFO" html="true">&lt;/td&gt;&lt;/tr&gt;&lt;tr&gt;&lt;td colspan="3"&gt;&lt;a href="selenium-screenshot-10.png"&gt;&lt;img src="selenium-screenshot-10.png" width="800px"&gt;&lt;/a&gt;</msg>
<msg timestamp="20230304 12:29:46.708" level="FAIL">Element with locator 'css=button#almacmp-modalConfirmBtn' not found.</msg>
<status status="FAIL" starttime="20230304 12:29:43.730" endtime="20230304 12:29:46.718"/>
</kw>
<msg timestamp="20230304 12:29:46.718" level="INFO">${status} = False</msg>
<status status="PASS" starttime="20230304 12:29:43.729" endtime="20230304 12:29:46.719"/>
</kw>
<kw name="Run Keyword If" library="BuiltIn">
<arg>${status}</arg>
<arg>Click Button</arg>
<arg>${cookiesButtonKK}</arg>
<doc>Runs the given keyword with the given arguments, if ``condition`` is true.</doc>
<status status="PASS" starttime="20230304 12:29:46.719" endtime="20230304 12:29:46.719"/>
</kw>
<kw name="Input Text" library="SeleniumLibrary">
<arg>${searchBoxInput}</arg>
<arg>${ruoanNimi}</arg>
<doc>Types the given ``text`` into the text field identified by ``locator``.</doc>
<msg timestamp="20230304 12:29:46.720" level="INFO">Typing text 'makaroonilaatikko' into text field 'xpath=(//input[@name='freeText'])[1]'.</msg>
<status status="PASS" starttime="20230304 12:29:46.720" endtime="20230304 12:29:47.216"/>
</kw>
<kw name="Click Link" library="SeleniumLibrary">
<arg>${haeButton}</arg>
<doc>Clicks a link identified by ``locator``.</doc>
<msg timestamp="20230304 12:29:47.217" level="INFO">Clicking link 'css=a#recipe-search-free-text-submit'.</msg>
<status status="PASS" starttime="20230304 12:29:47.216" endtime="20230304 12:29:47.928"/>
</kw>
<status status="PASS" starttime="20230304 12:29:43.729" endtime="20230304 12:29:47.928"/>
</kw>
<kw name="Valitse radionapeista ’Pastat ja nuudelit’ ja ’Makkara ja jauheliha’." library="KK_HomePage">
<kw name="Click Element" library="SeleniumLibrary">
<arg>${pastatJaNuudelit}</arg>
<doc>Click the element identified by ``locator``.</doc>
<msg timestamp="20230304 12:29:47.930" level="INFO">Clicking element 'css=form&gt;fieldset&gt;label:nth-child(6)'.</msg>
<status status="PASS" starttime="20230304 12:29:47.929" endtime="20230304 12:29:48.086"/>
</kw>
<kw name="Click Element" library="SeleniumLibrary">
<arg>${makkaraJaJauheliha}</arg>
<doc>Click the element identified by ``locator``.</doc>
<msg timestamp="20230304 12:29:48.088" level="INFO">Clicking element 'xpath=(//form/fieldset)[4]/label[4]'.</msg>
<status status="PASS" starttime="20230304 12:29:48.087" endtime="20230304 12:29:48.181"/>
</kw>
<status status="PASS" starttime="20230304 12:29:47.929" endtime="20230304 12:29:48.182"/>
</kw>
<kw name="Varmista, että saat hakutuloksia &gt; 0 kpl" library="KK_HomePage">
<kw name="Get Text" library="SeleniumLibrary">
<var>${resultText}</var>
<arg>${result}</arg>
<doc>Returns the text value of the element identified by ``locator``.</doc>
<msg timestamp="20230304 12:29:48.220" level="INFO">${resultText} = Hakuehdoillasi löytyi 14 reseptiä</msg>
<status status="PASS" starttime="20230304 12:29:48.183" endtime="20230304 12:29:48.220"/>
</kw>
<kw name="Split String" library="String">
<var>${resultSplit}</var>
<arg>${resultText}</arg>
<doc>Splits the ``string`` using ``separator`` as a delimiter string.</doc>
<msg timestamp="20230304 12:29:48.221" level="INFO">${resultSplit} = ['Hakuehdoillasi', 'löytyi', '14', 'reseptiä']</msg>
<status status="PASS" starttime="20230304 12:29:48.220" endtime="20230304 12:29:48.221"/>
</kw>
<kw name="Should Be True" library="BuiltIn">
<arg>${resultSplit}[2]&gt;0</arg>
<doc>Fails if the given condition is not true.</doc>
<status status="PASS" starttime="20230304 12:29:48.221" endtime="20230304 12:29:48.222"/>
</kw>
<kw name="Sleep" library="BuiltIn">
<arg>3</arg>
<doc>Pauses the test executed for the given time.</doc>
<msg timestamp="20230304 12:29:51.223" level="INFO">Slept 3 seconds</msg>
<status status="PASS" starttime="20230304 12:29:48.222" endtime="20230304 12:29:51.223"/>
</kw>
<status status="PASS" starttime="20230304 12:29:48.182" endtime="20230304 12:29:51.224"/>
</kw>
<kw name="Close Browser" library="TestBase" type="TEARDOWN">
<kw name="Close All Browsers" library="SeleniumLibrary">
<doc>Closes all open browsers and resets the browser cache.</doc>
<status status="PASS" starttime="20230304 12:29:51.225" endtime="20230304 12:29:51.438"/>
</kw>
<status status="PASS" starttime="20230304 12:29:51.224" endtime="20230304 12:29:51.438"/>
</kw>
<status status="PASS" starttime="20230304 12:29:31.920" endtime="20230304 12:29:51.438"/>
</test>
<status status="PASS" starttime="20230304 12:29:31.708" endtime="20230304 12:29:51.440"/>
</suite>
<status status="PASS" starttime="20230304 12:29:31.706" endtime="20230304 12:29:51.441"/>
</suite>
<status status="PASS" starttime="20230304 12:29:31.686" endtime="20230304 12:29:51.442"/>
</suite>
<statistics>
<total>
<stat pass="1" fail="0" skip="0">All Tests</stat>
</total>
<tag>
</tag>
<suite>
<stat pass="1" fail="0" skip="0" id="s1" name="GOFORE">GOFORE</stat>
<stat pass="1" fail="0" skip="0" id="s1-s1" name="Tests">GOFORE.Tests</stat>
<stat pass="1" fail="0" skip="0" id="s1-s1-s1" name="TC01">GOFORE.Tests.TC01</stat>
</suite>
</statistics>
<errors>
</errors>
</robot>
