<?xml version="1.0" encoding="UTF-8"?>
<robot generator="Robot 5.0.1 (Python 3.11.0 on darwin)" generated="20230304 11:52:46.130" rpa="false" schemaversion="3">
<suite id="s1" name="GOFORE" source="/Users/yusufrenkoglu/Desktop/GOFORE">
<suite id="s1-s1" name="Tests" source="/Users/yusufrenkoglu/Desktop/GOFORE/Tests">
<suite id="s1-s1-s1" name="TC01" source="/Users/yusufrenkoglu/Desktop/GOFORE/Tests/TC01.robot">
<test id="s1-s1-s1-t1" name="Almamedia TC01" line="13">
<kw name="Setup" library="TestBase" type="SETUP">
<kw name="Open Browser" library="SeleniumLibrary">
<arg>${url}</arg>
<arg>${browser}</arg>
<doc>Opens a new browser instance to the optional ``url``.</doc>
<msg timestamp="20230304 11:52:46.304" level="INFO">Opening browser 'chrome' to base url 'https://www.almamedia.fi'.</msg>
<status status="PASS" starttime="20230304 11:52:46.303" endtime="20230304 11:52:50.561"/>
</kw>
<kw name="Maximize Browser Window" library="SeleniumLibrary">
<doc>Maximizes current browser window.</doc>
<status status="PASS" starttime="20230304 11:52:50.562" endtime="20230304 11:52:51.031"/>
</kw>
<status status="PASS" starttime="20230304 11:52:46.303" endtime="20230304 11:52:51.031"/>
</kw>
<kw name="Menee Palvelut ja tuotteet sivuun" library="HomePage">
<kw name="Sleep" library="BuiltIn">
<arg>1</arg>
<doc>Pauses the test executed for the given time.</doc>
<msg timestamp="20230304 11:52:52.033" level="INFO">Slept 1 second</msg>
<status status="PASS" starttime="20230304 11:52:51.032" endtime="20230304 11:52:52.034"/>
</kw>
<kw name="Click Button" library="SeleniumLibrary">
<arg>${cookiesButton}</arg>
<doc>Clicks the button identified by ``locator``.</doc>
<msg timestamp="20230304 11:52:52.035" level="INFO">Clicking button 'css=button#almacmp-modalConfirmBtn'.</msg>
<status status="PASS" starttime="20230304 11:52:52.034" endtime="20230304 11:52:52.138"/>
</kw>
<kw name="Click Link" library="SeleniumLibrary">
<arg>${palveluLink}</arg>
<doc>Clicks a link identified by ``locator``.</doc>
<msg timestamp="20230304 11:52:52.139" level="INFO">Clicking link '(//a[@class='dropdown-toggle'])[3]'.</msg>
<status status="PASS" starttime="20230304 11:52:52.138" endtime="20230304 11:52:52.187"/>
</kw>
<kw name="Click Link" library="SeleniumLibrary">
<arg>${tuotteetPalvelutLink}</arg>
<doc>Clicks a link identified by ``locator``.</doc>
<msg timestamp="20230304 11:52:52.189" level="INFO">Clicking link 'Tuotteet ja palvelut'.</msg>
<status status="PASS" starttime="20230304 11:52:52.188" endtime="20230304 11:52:52.641"/>
</kw>
<status status="PASS" starttime="20230304 11:52:51.032" endtime="20230304 11:52:52.642"/>
</kw>
<kw name="Klikkaa ja menee Kotikokiin sivulle" library="KaikkiPalvelutPage">
<kw name="Execute Javascript" library="SeleniumLibrary">
<arg>window.scrollTo(0,300)</arg>
<doc>Executes the given JavaScript code with possible arguments.</doc>
<msg timestamp="20230304 11:52:52.644" level="INFO">Executing JavaScript:
window.scrollTo(0,300)
Without any arguments.</msg>
<status status="PASS" starttime="20230304 11:52:52.643" endtime="20230304 11:52:52.657"/>
</kw>
<kw name="Sleep" library="BuiltIn">
<arg>2</arg>
<doc>Pauses the test executed for the given time.</doc>
<msg timestamp="20230304 11:52:54.659" level="INFO">Slept 2 seconds</msg>
<status status="PASS" starttime="20230304 11:52:52.657" endtime="20230304 11:52:54.659"/>
</kw>
<kw name="Click Link" library="SeleniumLibrary">
<arg>${kotikokkiLink}</arg>
<doc>Clicks a link identified by ``locator``.</doc>
<msg timestamp="20230304 11:52:54.660" level="INFO">Clicking link 'xpath=(//div[@class='alma-consumer palvelut-kuluttajille business-area-result col-md-3']/a)[4]'.</msg>
<status status="PASS" starttime="20230304 11:52:54.659" endtime="20230304 11:52:54.725"/>
</kw>
<kw name="Sleep" library="BuiltIn">
<arg>2</arg>
<doc>Pauses the test executed for the given time.</doc>
<msg timestamp="20230304 11:52:56.726" level="INFO">Slept 2 seconds</msg>
<status status="PASS" starttime="20230304 11:52:54.725" endtime="20230304 11:52:56.726"/>
</kw>
<kw name="Get Window Handles" library="SeleniumLibrary">
<var>${wh}</var>
<doc>Returns all child window handles of the selected browser as a list.</doc>
<msg timestamp="20230304 11:52:56.740" level="INFO">${wh} = ['CDwindow-F9B81532B344C2FB03203A8D44110EAD', 'CDwindow-82E735779470EC5C14FBA213FB5F1E71']</msg>
<status status="PASS" starttime="20230304 11:52:56.727" endtime="20230304 11:52:56.740"/>
</kw>
<kw name="Switch Window" library="SeleniumLibrary">
<arg>${wh}[1]</arg>
<doc>Switches to browser window matching ``locator``.</doc>
<status status="PASS" starttime="20230304 11:52:56.741" endtime="20230304 11:52:56.808"/>
</kw>
<status status="PASS" starttime="20230304 11:52:52.642" endtime="20230304 11:52:56.808"/>
</kw>
<kw name="Kirjoita Kotikokki-sivulla hakukenttään makaroonilaatikko ja klikkaa hae-nappia." library="KK_HomePage">
<arg>makaroonilaatikko</arg>
<kw name="Run Keyword And Return Status" library="BuiltIn">
<var>${status}</var>
<arg>Element Should Be Visible</arg>
<arg>${cookiesButtonKK}</arg>
<doc>Runs the given keyword with given arguments and returns the status as a Boolean value.</doc>
<kw name="Element Should Be Visible" library="SeleniumLibrary">
<arg>${cookiesButtonKK}</arg>
<doc>Verifies that the element identified by ``locator`` is visible.</doc>
<msg timestamp="20230304 11:52:59.973" level="INFO" html="true">&lt;/td&gt;&lt;/tr&gt;&lt;tr&gt;&lt;td colspan="3"&gt;&lt;a href="selenium-screenshot-6.png"&gt;&lt;img src="selenium-screenshot-6.png" width="800px"&gt;&lt;/a&gt;</msg>
<msg timestamp="20230304 11:52:59.974" level="FAIL">Element with locator 'css=button#almacmp-modalConfirmBtn' not found.</msg>
<status status="FAIL" starttime="20230304 11:52:56.810" endtime="20230304 11:52:59.978"/>
</kw>
<msg timestamp="20230304 11:52:59.978" level="INFO">${status} = False</msg>
<status status="PASS" starttime="20230304 11:52:56.809" endtime="20230304 11:52:59.986"/>
</kw>
<kw name="Run Keyword If" library="BuiltIn">
<arg>${status}</arg>
<arg>Click Element</arg>
<arg>${cookiesButtonKK}</arg>
<doc>Runs the given keyword with the given arguments, if ``condition`` is true.</doc>
<status status="PASS" starttime="20230304 11:52:59.988" endtime="20230304 11:52:59.992"/>
</kw>
<kw name="Input Text" library="SeleniumLibrary">
<arg>${searchBoxInput}</arg>
<arg>${ruoanNimi}</arg>
<doc>Types the given ``text`` into the text field identified by ``locator``.</doc>
<msg timestamp="20230304 11:52:59.994" level="INFO">Typing text 'makaroonilaatikko' into text field 'xpath=(//input[@name='freeText'])[1]'.</msg>
<status status="PASS" starttime="20230304 11:52:59.992" endtime="20230304 11:53:02.366"/>
</kw>
<kw name="Click Link" library="SeleniumLibrary">
<arg>${haeButton}</arg>
<doc>Clicks a link identified by ``locator``.</doc>
<msg timestamp="20230304 11:53:02.367" level="INFO">Clicking link 'css=a#recipe-search-free-text-submit'.</msg>
<status status="PASS" starttime="20230304 11:53:02.367" endtime="20230304 11:53:03.101"/>
</kw>
<status status="PASS" starttime="20230304 11:52:56.809" endtime="20230304 11:53:03.101"/>
</kw>
<kw name="Valitse radionapeista ’Pastat ja nuudelit’ ja ’Makkara ja jauheliha’." library="KK_HomePage">
<kw name="Click Element" library="SeleniumLibrary">
<arg>${pastatJaNuudelit}</arg>
<doc>Click the element identified by ``locator``.</doc>
<msg timestamp="20230304 11:53:03.103" level="INFO">Clicking element 'css=form&gt;fieldset&gt;label:nth-child(6)'.</msg>
<status status="PASS" starttime="20230304 11:53:03.102" endtime="20230304 11:53:03.170"/>
</kw>
<kw name="Click Element" library="SeleniumLibrary">
<arg>${makkaraJaJauheliha}</arg>
<doc>Click the element identified by ``locator``.</doc>
<msg timestamp="20230304 11:53:03.171" level="INFO">Clicking element 'xpath=(//form/fieldset)[4]/label[4]'.</msg>
<status status="PASS" starttime="20230304 11:53:03.171" endtime="20230304 11:53:03.331"/>
</kw>
<status status="PASS" starttime="20230304 11:53:03.102" endtime="20230304 11:53:03.331"/>
</kw>
<kw name="Varmista, että saat hakutuloksia &gt; 0 kpl" library="KK_HomePage">
<kw name="Get Text" library="SeleniumLibrary">
<var>${resultText}</var>
<arg>${result}</arg>
<doc>Returns the text value of the element identified by ``locator``.</doc>
<msg timestamp="20230304 11:53:03.363" level="INFO">${resultText} = Hakuehdoillasi löytyi 14 reseptiä</msg>
<status status="PASS" starttime="20230304 11:53:03.332" endtime="20230304 11:53:03.363"/>
</kw>
<kw name="Split String" library="String">
<var>${resultSplit}</var>
<arg>${resultText}</arg>
<doc>Splits the ``string`` using ``separator`` as a delimiter string.</doc>
<msg timestamp="20230304 11:53:03.364" level="INFO">${resultSplit} = ['Hakuehdoillasi', 'löytyi', '14', 'reseptiä']</msg>
<status status="PASS" starttime="20230304 11:53:03.363" endtime="20230304 11:53:03.365"/>
</kw>
<kw name="Should Be True" library="BuiltIn">
<arg>${resultSplit}[2]&gt;0</arg>
<doc>Fails if the given condition is not true.</doc>
<status status="PASS" starttime="20230304 11:53:03.365" endtime="20230304 11:53:03.366"/>
</kw>
<kw name="Sleep" library="BuiltIn">
<arg>3</arg>
<doc>Pauses the test executed for the given time.</doc>
<msg timestamp="20230304 11:53:06.367" level="INFO">Slept 3 seconds</msg>
<status status="PASS" starttime="20230304 11:53:03.366" endtime="20230304 11:53:06.367"/>
</kw>
<status status="PASS" starttime="20230304 11:53:03.332" endtime="20230304 11:53:06.368"/>
</kw>
<kw name="Close Browser" library="TestBase" type="TEARDOWN">
<kw name="Close All Browsers" library="SeleniumLibrary">
<doc>Closes all open browsers and resets the browser cache.</doc>
<status status="PASS" starttime="20230304 11:53:06.369" endtime="20230304 11:53:06.589"/>
</kw>
<status status="PASS" starttime="20230304 11:53:06.368" endtime="20230304 11:53:06.590"/>
</kw>
<status status="PASS" starttime="20230304 11:52:46.302" endtime="20230304 11:53:06.590"/>
</test>
<status status="PASS" starttime="20230304 11:52:46.163" endtime="20230304 11:53:06.591"/>
</suite>
<status status="PASS" starttime="20230304 11:52:46.161" endtime="20230304 11:53:06.592"/>
</suite>
<status status="PASS" starttime="20230304 11:52:46.140" endtime="20230304 11:53:06.594"/>
</suite>
<statistics>
<total>
<stat pass="1" fail="0" skip="0">All Tests</stat>
</total>
<tag>
</tag>
<suite>
<stat pass="1" fail="0" skip="0" id="s1" name="GOFORE">GOFORE</stat>
<stat pass="1" fail="0" skip="0" id="s1-s1" name="Tests">GOFORE.Tests</stat>
<stat pass="1" fail="0" skip="0" id="s1-s1-s1" name="TC01">GOFORE.Tests.TC01</stat>
</suite>
</statistics>
<errors>
</errors>
</robot>
