<?xml version="1.0" encoding="UTF-8"?>
<robot generator="Robot 5.0.1 (Python 3.11.0 on darwin)" generated="20230304 22:28:35.740" rpa="false" schemaversion="3">
<suite id="s1" name="GOFORE" source="/Users/yusufrenkoglu/Desktop/GOFORE">
<suite id="s1-s1" name="Tests" source="/Users/yusufrenkoglu/Desktop/GOFORE/Tests">
<suite id="s1-s1-s1" name="TC01" source="/Users/yusufrenkoglu/Desktop/GOFORE/Tests/TC01.robot">
<test id="s1-s1-s1-t1" name="Almamedia TC01" line="13">
<kw name="Setup" library="TestBase" type="SETUP">
<kw name="Open Browser" library="SeleniumLibrary">
<arg>${url}</arg>
<arg>${browser}</arg>
<doc>Opens a new browser instance to the optional ``url``.</doc>
<msg timestamp="20230304 22:28:35.924" level="INFO">Opening browser 'chrome' to base url 'https://www.almamedia.fi'.</msg>
<status status="PASS" starttime="20230304 22:28:35.924" endtime="20230304 22:28:40.563"/>
</kw>
<kw name="Maximize Browser Window" library="SeleniumLibrary">
<doc>Maximizes current browser window.</doc>
<status status="PASS" starttime="20230304 22:28:40.564" endtime="20230304 22:28:41.022"/>
</kw>
<status status="PASS" starttime="20230304 22:28:35.924" endtime="20230304 22:28:41.022"/>
</kw>
<kw name="Menee Palvelut ja tuotteet sivuun" library="HomePage">
<kw name="Sleep" library="BuiltIn">
<arg>1</arg>
<doc>Pauses the test executed for the given time.</doc>
<msg timestamp="20230304 22:28:42.024" level="INFO">Slept 1 second</msg>
<status status="PASS" starttime="20230304 22:28:41.023" endtime="20230304 22:28:42.025"/>
</kw>
<kw name="Click Button" library="SeleniumLibrary">
<arg>${cookiesButton}</arg>
<doc>Clicks the button identified by ``locator``.</doc>
<msg timestamp="20230304 22:28:42.026" level="INFO">Clicking button 'css=button#almacmp-modalConfirmBtn'.</msg>
<status status="PASS" starttime="20230304 22:28:42.025" endtime="20230304 22:28:42.134"/>
</kw>
<kw name="Click Link" library="SeleniumLibrary">
<arg>${palveluLink}</arg>
<doc>Clicks a link identified by ``locator``.</doc>
<msg timestamp="20230304 22:28:42.135" level="INFO">Clicking link '(//a[@class='dropdown-toggle'])[3]'.</msg>
<status status="PASS" starttime="20230304 22:28:42.134" endtime="20230304 22:28:42.188"/>
</kw>
<kw name="Click Link" library="SeleniumLibrary">
<arg>${tuotteetPalvelutLink}</arg>
<doc>Clicks a link identified by ``locator``.</doc>
<msg timestamp="20230304 22:28:42.189" level="INFO">Clicking link 'Tuotteet ja palvelut'.</msg>
<status status="PASS" starttime="20230304 22:28:42.188" endtime="20230304 22:28:42.879"/>
</kw>
<status status="PASS" starttime="20230304 22:28:41.023" endtime="20230304 22:28:42.879"/>
</kw>
<kw name="Klikkaa ja menee Kotikokiin sivulle" library="KaikkiPalvelutPage">
<kw name="Execute Javascript" library="SeleniumLibrary">
<arg>window.scrollTo(0,600)</arg>
<doc>Executes the given JavaScript code with possible arguments.</doc>
<msg timestamp="20230304 22:28:42.881" level="INFO">Executing JavaScript:
window.scrollTo(0,600)
Without any arguments.</msg>
<status status="PASS" starttime="20230304 22:28:42.880" endtime="20230304 22:28:42.905"/>
</kw>
<kw name="Sleep" library="BuiltIn">
<arg>2</arg>
<doc>Pauses the test executed for the given time.</doc>
<msg timestamp="20230304 22:28:44.907" level="INFO">Slept 2 seconds</msg>
<status status="PASS" starttime="20230304 22:28:42.905" endtime="20230304 22:28:44.907"/>
</kw>
<kw name="Click Link" library="SeleniumLibrary">
<arg>${kotikokkiLink}</arg>
<doc>Clicks a link identified by ``locator``.</doc>
<msg timestamp="20230304 22:28:44.908" level="INFO">Clicking link 'xpath=(//div[@class='alma-consumer palvelut-kuluttajille business-area-result col-md-3']/a)[4]'.</msg>
<status status="PASS" starttime="20230304 22:28:44.908" endtime="20230304 22:28:44.982"/>
</kw>
<kw name="Sleep" library="BuiltIn">
<arg>2</arg>
<doc>Pauses the test executed for the given time.</doc>
<msg timestamp="20230304 22:28:46.983" level="INFO">Slept 2 seconds</msg>
<status status="PASS" starttime="20230304 22:28:44.982" endtime="20230304 22:28:46.984"/>
</kw>
<kw name="Get Window Handles" library="SeleniumLibrary">
<var>${wh}</var>
<doc>Returns all child window handles of the selected browser as a list.</doc>
<msg timestamp="20230304 22:28:46.994" level="INFO">${wh} = ['CDwindow-87EB53237FE7652A3884EE5BDA69E1B7', 'CDwindow-C65EFE0E486B44C1CD1F32E4DF7D48BE']</msg>
<status status="PASS" starttime="20230304 22:28:46.984" endtime="20230304 22:28:46.995"/>
</kw>
<kw name="Switch Window" library="SeleniumLibrary">
<arg>${wh}[1]</arg>
<doc>Switches to browser window matching ``locator``.</doc>
<status status="PASS" starttime="20230304 22:28:46.995" endtime="20230304 22:28:47.071"/>
</kw>
<status status="PASS" starttime="20230304 22:28:42.879" endtime="20230304 22:28:47.071"/>
</kw>
<kw name="Kirjoita Kotikokki-sivulla hakukenttään {ruoka} ja klikkaa hae-nappia." library="KK_HomePage">
<arg>makaroonilaatikko</arg>
<kw name="Run Keyword And Return Status" library="BuiltIn">
<var>${status}</var>
<arg>Element Should Be Visible</arg>
<arg>${cookiesButtonKK}</arg>
<doc>Runs the given keyword with given arguments and returns the status as a Boolean value.</doc>
<kw name="Element Should Be Visible" library="SeleniumLibrary">
<arg>${cookiesButtonKK}</arg>
<doc>Verifies that the element identified by ``locator`` is visible.</doc>
<msg timestamp="20230304 22:28:47.818" level="INFO" html="true">&lt;/td&gt;&lt;/tr&gt;&lt;tr&gt;&lt;td colspan="3"&gt;&lt;a href="selenium-screenshot-12.png"&gt;&lt;img src="selenium-screenshot-12.png" width="800px"&gt;&lt;/a&gt;</msg>
<msg timestamp="20230304 22:28:47.819" level="FAIL">Element with locator 'css=button#almacmp-modalConfirmBtn' not found.</msg>
<status status="FAIL" starttime="20230304 22:28:47.072" endtime="20230304 22:28:47.822"/>
</kw>
<msg timestamp="20230304 22:28:47.823" level="INFO">${status} = False</msg>
<status status="PASS" starttime="20230304 22:28:47.072" endtime="20230304 22:28:47.823"/>
</kw>
<kw name="Run Keyword If" library="BuiltIn">
<arg>${status}</arg>
<arg>Click Button</arg>
<arg>${cookiesButtonKK}</arg>
<doc>Runs the given keyword with the given arguments, if ``condition`` is true.</doc>
<status status="PASS" starttime="20230304 22:28:47.823" endtime="20230304 22:28:47.823"/>
</kw>
<kw name="Input Text" library="SeleniumLibrary">
<arg>${searchBoxInput}</arg>
<arg>${ruoanNimi}</arg>
<doc>Types the given ``text`` into the text field identified by ``locator``.</doc>
<msg timestamp="20230304 22:28:47.825" level="INFO">Typing text 'makaroonilaatikko' into text field 'xpath=(//input[@name='freeText'])[1]'.</msg>
<status status="PASS" starttime="20230304 22:28:47.824" endtime="20230304 22:28:48.104"/>
</kw>
<kw name="Click Link" library="SeleniumLibrary">
<arg>${haeButton}</arg>
<doc>Clicks a link identified by ``locator``.</doc>
<msg timestamp="20230304 22:28:48.105" level="INFO">Clicking link 'css=a#recipe-search-free-text-submit'.</msg>
<status status="PASS" starttime="20230304 22:28:48.104" endtime="20230304 22:28:48.821"/>
</kw>
<status status="PASS" starttime="20230304 22:28:47.072" endtime="20230304 22:28:48.822"/>
</kw>
<kw name="Valitse radionapeista ’Pastat ja nuudelit’ ja ’Makkara ja jauheliha’." library="KK_HomePage">
<kw name="Click Element" library="SeleniumLibrary">
<arg>${pastatJaNuudelit}</arg>
<doc>Click the element identified by ``locator``.</doc>
<msg timestamp="20230304 22:28:48.823" level="INFO">Clicking element 'css=form&gt;fieldset&gt;label:nth-child(6)'.</msg>
<status status="PASS" starttime="20230304 22:28:48.822" endtime="20230304 22:28:48.953"/>
</kw>
<kw name="Click Element" library="SeleniumLibrary">
<arg>${makkaraJaJauheliha}</arg>
<doc>Click the element identified by ``locator``.</doc>
<msg timestamp="20230304 22:28:48.954" level="INFO">Clicking element 'xpath=(//form/fieldset)[4]/label[4]'.</msg>
<status status="PASS" starttime="20230304 22:28:48.954" endtime="20230304 22:28:49.024"/>
</kw>
<status status="PASS" starttime="20230304 22:28:48.822" endtime="20230304 22:28:49.025"/>
</kw>
<kw name="Varmista, että saat hakutuloksia &gt; 0 kpl" library="KK_HomePage">
<kw name="Get Text" library="SeleniumLibrary">
<var>${resultText}</var>
<arg>${result}</arg>
<doc>Returns the text value of the element identified by ``locator``.</doc>
<msg timestamp="20230304 22:28:49.070" level="INFO">${resultText} = Hakuehdoillasi löytyi 14 reseptiä</msg>
<status status="PASS" starttime="20230304 22:28:49.026" endtime="20230304 22:28:49.070"/>
</kw>
<kw name="Split String" library="String">
<var>${resultSplit}</var>
<arg>${resultText}</arg>
<doc>Splits the ``string`` using ``separator`` as a delimiter string.</doc>
<msg timestamp="20230304 22:28:49.071" level="INFO">${resultSplit} = ['Hakuehdoillasi', 'löytyi', '14', 'reseptiä']</msg>
<status status="PASS" starttime="20230304 22:28:49.070" endtime="20230304 22:28:49.071"/>
</kw>
<kw name="Should Be True" library="BuiltIn">
<arg>${resultSplit}[2]&gt;0</arg>
<doc>Fails if the given condition is not true.</doc>
<status status="PASS" starttime="20230304 22:28:49.071" endtime="20230304 22:28:49.071"/>
</kw>
<kw name="Sleep" library="BuiltIn">
<arg>3</arg>
<doc>Pauses the test executed for the given time.</doc>
<msg timestamp="20230304 22:28:52.073" level="INFO">Slept 3 seconds</msg>
<status status="PASS" starttime="20230304 22:28:49.071" endtime="20230304 22:28:52.073"/>
</kw>
<status status="PASS" starttime="20230304 22:28:49.025" endtime="20230304 22:28:52.073"/>
</kw>
<kw name="Close Browser" library="TestBase" type="TEARDOWN">
<kw name="Close All Browsers" library="SeleniumLibrary">
<doc>Closes all open browsers and resets the browser cache.</doc>
<status status="PASS" starttime="20230304 22:28:52.075" endtime="20230304 22:28:52.209"/>
</kw>
<status status="PASS" starttime="20230304 22:28:52.074" endtime="20230304 22:28:52.209"/>
</kw>
<status status="PASS" starttime="20230304 22:28:35.922" endtime="20230304 22:28:52.209"/>
</test>
<status status="PASS" starttime="20230304 22:28:35.769" endtime="20230304 22:28:52.210"/>
</suite>
<status status="PASS" starttime="20230304 22:28:35.766" endtime="20230304 22:28:52.212"/>
</suite>
<status status="PASS" starttime="20230304 22:28:35.745" endtime="20230304 22:28:52.214"/>
</suite>
<statistics>
<total>
<stat pass="1" fail="0" skip="0">All Tests</stat>
</total>
<tag>
</tag>
<suite>
<stat pass="1" fail="0" skip="0" id="s1" name="GOFORE">GOFORE</stat>
<stat pass="1" fail="0" skip="0" id="s1-s1" name="Tests">GOFORE.Tests</stat>
<stat pass="1" fail="0" skip="0" id="s1-s1-s1" name="TC01">GOFORE.Tests.TC01</stat>
</suite>
</statistics>
<errors>
</errors>
</robot>
