<?xml version="1.0" encoding="UTF-8"?>
<robot generator="Robot 5.0.1 (Python 3.11.0 on darwin)" generated="20230304 12:12:45.223" rpa="false" schemaversion="3">
<suite id="s1" name="GOFORE" source="/Users/yusufrenkoglu/Desktop/GOFORE">
<suite id="s1-s1" name="Tests" source="/Users/yusufrenkoglu/Desktop/GOFORE/Tests">
<suite id="s1-s1-s1" name="TC01" source="/Users/yusufrenkoglu/Desktop/GOFORE/Tests/TC01.robot">
<test id="s1-s1-s1-t1" name="Almamedia TC01" line="13">
<kw name="Setup" library="TestBase" type="SETUP">
<kw name="Open Browser" library="SeleniumLibrary">
<arg>${url}</arg>
<arg>${browser}</arg>
<doc>Opens a new browser instance to the optional ``url``.</doc>
<msg timestamp="20230304 12:12:45.413" level="INFO">Opening browser 'chrome' to base url 'https://www.almamedia.fi'.</msg>
<status status="PASS" starttime="20230304 12:12:45.412" endtime="20230304 12:12:50.265"/>
</kw>
<kw name="Maximize Browser Window" library="SeleniumLibrary">
<doc>Maximizes current browser window.</doc>
<status status="PASS" starttime="20230304 12:12:50.266" endtime="20230304 12:12:50.755"/>
</kw>
<status status="PASS" starttime="20230304 12:12:45.412" endtime="20230304 12:12:50.755"/>
</kw>
<kw name="Menee Palvelut ja tuotteet sivuun" library="HomePage">
<kw name="Sleep" library="BuiltIn">
<arg>1</arg>
<doc>Pauses the test executed for the given time.</doc>
<msg timestamp="20230304 12:12:51.757" level="INFO">Slept 1 second</msg>
<status status="PASS" starttime="20230304 12:12:50.757" endtime="20230304 12:12:51.758"/>
</kw>
<kw name="Click Button" library="SeleniumLibrary">
<arg>${cookiesButton}</arg>
<doc>Clicks the button identified by ``locator``.</doc>
<msg timestamp="20230304 12:12:51.759" level="INFO">Clicking button 'css=button#almacmp-modalConfirmBtn'.</msg>
<status status="PASS" starttime="20230304 12:12:51.758" endtime="20230304 12:12:51.852"/>
</kw>
<kw name="Click Link" library="SeleniumLibrary">
<arg>${palveluLink}</arg>
<doc>Clicks a link identified by ``locator``.</doc>
<msg timestamp="20230304 12:12:51.853" level="INFO">Clicking link '(//a[@class='dropdown-toggle'])[3]'.</msg>
<status status="PASS" starttime="20230304 12:12:51.852" endtime="20230304 12:12:51.898"/>
</kw>
<kw name="Click Link" library="SeleniumLibrary">
<arg>${tuotteetPalvelutLink}</arg>
<doc>Clicks a link identified by ``locator``.</doc>
<msg timestamp="20230304 12:12:51.899" level="INFO">Clicking link 'Tuotteet ja palvelut'.</msg>
<status status="PASS" starttime="20230304 12:12:51.898" endtime="20230304 12:12:52.338"/>
</kw>
<status status="PASS" starttime="20230304 12:12:50.756" endtime="20230304 12:12:52.339"/>
</kw>
<kw name="Klikkaa ja menee Kotikokiin sivulle" library="KaikkiPalvelutPage">
<kw name="Execute Javascript" library="SeleniumLibrary">
<arg>window.scrollTo(0,300)</arg>
<doc>Executes the given JavaScript code with possible arguments.</doc>
<msg timestamp="20230304 12:12:52.341" level="INFO">Executing JavaScript:
window.scrollTo(0,300)
Without any arguments.</msg>
<status status="PASS" starttime="20230304 12:12:52.340" endtime="20230304 12:12:52.348"/>
</kw>
<kw name="Sleep" library="BuiltIn">
<arg>2</arg>
<doc>Pauses the test executed for the given time.</doc>
<msg timestamp="20230304 12:12:54.350" level="INFO">Slept 2 seconds</msg>
<status status="PASS" starttime="20230304 12:12:52.349" endtime="20230304 12:12:54.350"/>
</kw>
<kw name="Click Link" library="SeleniumLibrary">
<arg>${kotikokkiLink}</arg>
<doc>Clicks a link identified by ``locator``.</doc>
<msg timestamp="20230304 12:12:54.351" level="INFO">Clicking link 'xpath=(//div[@class='alma-consumer palvelut-kuluttajille business-area-result col-md-3']/a)[4]'.</msg>
<status status="PASS" starttime="20230304 12:12:54.351" endtime="20230304 12:12:54.419"/>
</kw>
<kw name="Sleep" library="BuiltIn">
<arg>2</arg>
<doc>Pauses the test executed for the given time.</doc>
<msg timestamp="20230304 12:12:56.421" level="INFO">Slept 2 seconds</msg>
<status status="PASS" starttime="20230304 12:12:54.420" endtime="20230304 12:12:56.421"/>
</kw>
<kw name="Get Window Handles" library="SeleniumLibrary">
<var>${wh}</var>
<doc>Returns all child window handles of the selected browser as a list.</doc>
<msg timestamp="20230304 12:12:56.450" level="INFO">${wh} = ['CDwindow-C43BD3A070733EBEAF9C2CD6BC9BD24D', 'CDwindow-2E2B442B9BADA9D779EC25E2CDA77086']</msg>
<status status="PASS" starttime="20230304 12:12:56.421" endtime="20230304 12:12:56.450"/>
</kw>
<kw name="Switch Window" library="SeleniumLibrary">
<arg>${wh}[1]</arg>
<doc>Switches to browser window matching ``locator``.</doc>
<status status="PASS" starttime="20230304 12:12:56.451" endtime="20230304 12:12:56.521"/>
</kw>
<status status="PASS" starttime="20230304 12:12:52.339" endtime="20230304 12:12:56.522"/>
</kw>
<kw name="Kirjoita Kotikokki-sivulla hakukenttään {} ja klikkaa hae-nappia." library="KK_HomePage">
<arg>makaroonilaatikko</arg>
<kw name="Run Keyword And Return Status" library="BuiltIn">
<var>${status}</var>
<arg>Element Should Be Visible</arg>
<arg>${cookiesButtonKK}</arg>
<doc>Runs the given keyword with given arguments and returns the status as a Boolean value.</doc>
<kw name="Element Should Be Visible" library="SeleniumLibrary">
<arg>${cookiesButtonKK}</arg>
<doc>Verifies that the element identified by ``locator`` is visible.</doc>
<msg timestamp="20230304 12:12:59.410" level="INFO" html="true">&lt;/td&gt;&lt;/tr&gt;&lt;tr&gt;&lt;td colspan="3"&gt;&lt;a href="selenium-screenshot-7.png"&gt;&lt;img src="selenium-screenshot-7.png" width="800px"&gt;&lt;/a&gt;</msg>
<msg timestamp="20230304 12:12:59.411" level="FAIL">Element with locator 'css=button#almacmp-modalConfirmBtn' not found.</msg>
<status status="FAIL" starttime="20230304 12:12:56.524" endtime="20230304 12:12:59.413"/>
</kw>
<msg timestamp="20230304 12:12:59.414" level="INFO">${status} = False</msg>
<status status="PASS" starttime="20230304 12:12:56.523" endtime="20230304 12:12:59.414"/>
</kw>
<kw name="Run Keyword If" library="BuiltIn">
<arg>${status}</arg>
<arg>Click Element</arg>
<arg>${cookiesButtonKK}</arg>
<doc>Runs the given keyword with the given arguments, if ``condition`` is true.</doc>
<status status="PASS" starttime="20230304 12:12:59.414" endtime="20230304 12:12:59.414"/>
</kw>
<kw name="Input Text" library="SeleniumLibrary">
<arg>${searchBoxInput}</arg>
<arg>${ruoanNimi}</arg>
<doc>Types the given ``text`` into the text field identified by ``locator``.</doc>
<msg timestamp="20230304 12:12:59.415" level="INFO">Typing text 'makaroonilaatikko' into text field 'xpath=(//input[@name='freeText'])[1]'.</msg>
<status status="PASS" starttime="20230304 12:12:59.415" endtime="20230304 12:12:59.600"/>
</kw>
<kw name="Click Link" library="SeleniumLibrary">
<arg>${haeButton}</arg>
<doc>Clicks a link identified by ``locator``.</doc>
<msg timestamp="20230304 12:12:59.601" level="INFO">Clicking link 'css=a#recipe-search-free-text-submit'.</msg>
<status status="PASS" starttime="20230304 12:12:59.601" endtime="20230304 12:13:00.634"/>
</kw>
<status status="PASS" starttime="20230304 12:12:56.522" endtime="20230304 12:13:00.634"/>
</kw>
<kw name="Valitse radionapeista ’Pastat ja nuudelit’ ja ’Makkara ja jauheliha’." library="KK_HomePage">
<kw name="Click Element" library="SeleniumLibrary">
<arg>${pastatJaNuudelit}</arg>
<doc>Click the element identified by ``locator``.</doc>
<msg timestamp="20230304 12:13:00.636" level="INFO">Clicking element 'css=form&gt;fieldset&gt;label:nth-child(6)'.</msg>
<status status="PASS" starttime="20230304 12:13:00.635" endtime="20230304 12:13:00.813"/>
</kw>
<kw name="Click Element" library="SeleniumLibrary">
<arg>${makkaraJaJauheliha}</arg>
<doc>Click the element identified by ``locator``.</doc>
<msg timestamp="20230304 12:13:00.814" level="INFO">Clicking element 'xpath=(//form/fieldset)[4]/label[4]'.</msg>
<status status="PASS" starttime="20230304 12:13:00.814" endtime="20230304 12:13:00.904"/>
</kw>
<status status="PASS" starttime="20230304 12:13:00.635" endtime="20230304 12:13:00.904"/>
</kw>
<kw name="Varmista, että saat hakutuloksia &gt; 0 kpl" library="KK_HomePage">
<kw name="Get Text" library="SeleniumLibrary">
<var>${resultText}</var>
<arg>${result}</arg>
<doc>Returns the text value of the element identified by ``locator``.</doc>
<msg timestamp="20230304 12:13:00.944" level="INFO">${resultText} = Hakuehdoillasi löytyi 14 reseptiä</msg>
<status status="PASS" starttime="20230304 12:13:00.905" endtime="20230304 12:13:00.944"/>
</kw>
<kw name="Split String" library="String">
<var>${resultSplit}</var>
<arg>${resultText}</arg>
<doc>Splits the ``string`` using ``separator`` as a delimiter string.</doc>
<msg timestamp="20230304 12:13:00.945" level="INFO">${resultSplit} = ['Hakuehdoillasi', 'löytyi', '14', 'reseptiä']</msg>
<status status="PASS" starttime="20230304 12:13:00.944" endtime="20230304 12:13:00.945"/>
</kw>
<kw name="Should Be True" library="BuiltIn">
<arg>${resultSplit}[2]&gt;0</arg>
<doc>Fails if the given condition is not true.</doc>
<status status="PASS" starttime="20230304 12:13:00.945" endtime="20230304 12:13:00.946"/>
</kw>
<kw name="Sleep" library="BuiltIn">
<arg>3</arg>
<doc>Pauses the test executed for the given time.</doc>
<msg timestamp="20230304 12:13:03.947" level="INFO">Slept 3 seconds</msg>
<status status="PASS" starttime="20230304 12:13:00.946" endtime="20230304 12:13:03.947"/>
</kw>
<status status="PASS" starttime="20230304 12:13:00.904" endtime="20230304 12:13:03.947"/>
</kw>
<kw name="Close Browser" library="TestBase" type="TEARDOWN">
<kw name="Close All Browsers" library="SeleniumLibrary">
<doc>Closes all open browsers and resets the browser cache.</doc>
<status status="PASS" starttime="20230304 12:13:03.948" endtime="20230304 12:13:04.137"/>
</kw>
<status status="PASS" starttime="20230304 12:13:03.948" endtime="20230304 12:13:04.137"/>
</kw>
<status status="PASS" starttime="20230304 12:12:45.411" endtime="20230304 12:13:04.137"/>
</test>
<status status="PASS" starttime="20230304 12:12:45.255" endtime="20230304 12:13:04.138"/>
</suite>
<status status="PASS" starttime="20230304 12:12:45.253" endtime="20230304 12:13:04.140"/>
</suite>
<status status="PASS" starttime="20230304 12:12:45.233" endtime="20230304 12:13:04.141"/>
</suite>
<statistics>
<total>
<stat pass="1" fail="0" skip="0">All Tests</stat>
</total>
<tag>
</tag>
<suite>
<stat pass="1" fail="0" skip="0" id="s1" name="GOFORE">GOFORE</stat>
<stat pass="1" fail="0" skip="0" id="s1-s1" name="Tests">GOFORE.Tests</stat>
<stat pass="1" fail="0" skip="0" id="s1-s1-s1" name="TC01">GOFORE.Tests.TC01</stat>
</suite>
</statistics>
<errors>
</errors>
</robot>
